This is pdfTeX, Version 3.14159265-2.6-1.40.20 (TeX Live 2019/Debian) (preloaded format=pdflatex 2022.5.18)  7 MAY 2023 23:32
entering extended mode
 restricted \write18 enabled.
 %&-line parsing enabled.
**sprawozdanie.tex
(./sprawozdanie.tex
LaTeX2e <2020-02-02> patch level 2
L3 programming layer <2020-02-14>
(/usr/share/texlive/texmf-dist/tex/latex/base/report.cls
Document Class: report 2019/12/20 v1.4l Standard LaTeX document class
(/usr/share/texlive/texmf-dist/tex/latex/base/size10.clo
File: size10.clo 2019/12/20 v1.4l Standard LaTeX file (size option)
)
\c@part=\count167
\c@chapter=\count168
\c@section=\count169
\c@subsection=\count170
\c@subsubsection=\count171
\c@paragraph=\count172
\c@subparagraph=\count173
\c@figure=\count174
\c@table=\count175
\abovecaptionskip=\skip47
\belowcaptionskip=\skip48
\bibindent=\dimen134
)
(/usr/share/texlive/texmf-dist/tex/latex/base/inputenc.sty
Package: inputenc 2018/08/11 v1.3c Input encoding file
\inpenc@prehook=\toks14
\inpenc@posthook=\toks15
)
(/usr/share/texlive/texmf-dist/tex/latex/base/fontenc.sty
Package: fontenc 2020/02/11 v2.0o Standard LaTeX package
)
(/usr/share/texlive/texmf-dist/tex/latex/titlesec/titlesec.sty
Package: titlesec 2019/10/16 v2.13 Sectioning titles
\ttl@box=\box45
\beforetitleunit=\skip49
\aftertitleunit=\skip50
\ttl@plus=\dimen135
\ttl@minus=\dimen136
\ttl@toksa=\toks16
\titlewidth=\dimen137
\titlewidthlast=\dimen138
\titlewidthfirst=\dimen139
)
(/usr/share/texlive/texmf-dist/tex/latex/float/float.sty
Package: float 2001/11/08 v1.3d Float enhancements (AL)
\c@float@type=\count176
\float@exts=\toks17
\float@box=\box46
\@float@everytoks=\toks18
\@floatcapt=\box47
)
(/usr/share/texlive/texmf-dist/tex/latex/l3backend/l3backend-pdfmode.def
File: l3backend-pdfmode.def 2020-02-03 L3 backend support: PDF mode
\l__kernel_color_stack_int=\count177
\l__pdf_internal_box=\box48
)

LaTeX Warning: Unused global option(s):
    [14pt].

(./sprawozdanie.aux)
\openout1 = `sprawozdanie.aux'.

LaTeX Font Info:    Checking defaults for OML/cmm/m/it on input line 15.
LaTeX Font Info:    ... okay on input line 15.
LaTeX Font Info:    Checking defaults for OMS/cmsy/m/n on input line 15.
LaTeX Font Info:    ... okay on input line 15.
LaTeX Font Info:    Checking defaults for OT1/cmr/m/n on input line 15.
LaTeX Font Info:    ... okay on input line 15.
LaTeX Font Info:    Checking defaults for T1/cmr/m/n on input line 15.
LaTeX Font Info:    ... okay on input line 15.
LaTeX Font Info:    Checking defaults for TS1/cmr/m/n on input line 15.
LaTeX Font Info:    ... okay on input line 15.
LaTeX Font Info:    Checking defaults for OMX/cmex/m/n on input line 15.
LaTeX Font Info:    ... okay on input line 15.
LaTeX Font Info:    Checking defaults for U/cmr/m/n on input line 15.
LaTeX Font Info:    ... okay on input line 15.
LaTeX Font Info:    External font `cmex10' loaded for size
(Font)              <12> on input line 16.
LaTeX Font Info:    External font `cmex10' loaded for size
(Font)              <8> on input line 16.
LaTeX Font Info:    External font `cmex10' loaded for size
(Font)              <6> on input line 16.
 [1

{/var/lib/texmf/fonts/map/pdftex/updmap/pdftex.map}]
(./sprawozdanie.toc
LaTeX Font Info:    External font `cmex10' loaded for size
(Font)              <7> on input line 2.
LaTeX Font Info:    External font `cmex10' loaded for size
(Font)              <5> on input line 2.
)
\tf@toc=\write3
\openout3 = `sprawozdanie.toc'.

 [1

]
Chapter 1.
[2

]
Chapter 2.
[3

] [4]
Chapter 3.
[5

]
Overfull \hbox (22.18796pt too wide) detected at line 146
\OT1/cmr/m/n/10 (\OMS/cmsy/m/n/10 8\OT1/cmr/m/n/10 (\OML/cmm/m/it/10 j; relatio
n\OT1/cmr/m/n/10 ) \OMS/cmsy/m/n/10 2 \OML/cmm/m/it/10 precedence\OT1/cmr/m/n/1
0 )(\OMS/cmsy/m/n/10 8\OML/cmm/m/it/10 k \OMS/cmsy/m/n/10 2 \OML/cmm/m/it/10 re
lation\OT1/cmr/m/n/10 )([](\OML/cmm/m/it/10 p[] \OT1/cmr/m/n/10 + \OML/cmm/m/it
/10 t\OT1/cmr/m/n/10 ) \OMS/cmsy/m/n/10 ^^C \OML/cmm/m/it/10 x[] \OMS/cmsy/m/n/
10 ^^T [] \OML/cmm/m/it/10 t \OMS/cmsy/m/n/10 ^^C \OML/cmm/m/it/10 x[]\OT1/cmr/
m/n/10 )
 []

[6] (./sprawozdanie.aux) ) 
Here is how much of TeX's memory you used:
 1005 strings out of 483075
 13221 string characters out of 5963834
 244528 words of memory out of 5000000
 16079 multiletter control sequences out of 15000+600000
 541573 words of font info for 42 fonts, out of 8000000 for 9000
 79 hyphenation exceptions out of 8191
 25i,8n,32p,219b,188s stack positions out of 5000i,500n,10000p,200000b,80000s
 </home/radikey/.texlive2019/texmf-var/fonts/pk/ljfou
r/jknappen/ec/ecbx1200.600pk> </home/radikey/.texlive2019/texmf-var/fonts/pk/lj
four/jknappen/ec/tcrm1000.600pk> </home/radikey/.texlive2019/texmf-var/fonts/pk
/ljfour/jknappen/ec/ecbx1440.600pk> </home/radikey/.texlive2019/texmf-var/fonts
/pk/ljfour/jknappen/ec/ecrm1000.600pk> </home/radikey/.texlive2019/texmf-var/fo
nts/pk/ljfour/jknappen/ec/ecbx1000.600pk> </home/radikey/.texlive2019/texmf-var
/fonts/pk/ljfour/jknappen/ec/ecbx2488.600pk> </home/radikey/.texlive2019/texmf-
var/fonts/pk/ljfour/jknappen/ec/ecrm1200.600pk> </home/radikey/.texlive2019/tex
mf-var/fonts/pk/ljfour/jknappen/ec/ecrm1728.600pk></usr/share/texlive/texmf-dis
t/fonts/type1/public/amsfonts/cm/cmex10.pfb></usr/share/texlive/texmf-dist/font
s/type1/public/amsfonts/cm/cmmi10.pfb></usr/share/texlive/texmf-dist/fonts/type
1/public/amsfonts/cm/cmmi5.pfb></usr/share/texlive/texmf-dist/fonts/type1/publi
c/amsfonts/cm/cmmi7.pfb></usr/share/texlive/texmf-dist/fonts/type1/public/amsfo
nts/cm/cmr10.pfb></usr/share/texlive/texmf-dist/fonts/type1/public/amsfonts/cm/
cmr7.pfb></usr/share/texlive/texmf-dist/fonts/type1/public/amsfonts/cm/cmsy10.p
fb></usr/share/texlive/texmf-dist/fonts/type1/public/amsfonts/cm/cmsy7.pfb>
Output written on sprawozdanie.pdf (7 pages, 139002 bytes).
PDF statistics:
 277 PDF objects out of 1000 (max. 8388607)
 74 compressed objects within 1 object stream
 0 named destinations out of 1000 (max. 500000)
 1 words of extra memory for PDF output out of 10000 (max. 10000000)

